<?xml version="1.0" encoding="UTF-8"?>
<!-- Generated by org.testng.reporters.JUnitReportReporter -->
<testsuite hostname="NODE147" name="com.rodan.test.RodanTest" tests="2" failures="0" timestamp="2 Nov 2016 08:44:35 GMT" time="35.685" errors="0">
  <testcase name="testFunc2" time="15.658" classname="com.rodan.test.RodanTest"/>
  <testcase name="testFunc" time="20.027" classname="com.rodan.test.RodanTest"/>
</testsuite> <!-- com.rodan.test.RodanTest -->
